#
# A fatal error has been detected by the Java Runtime Environment:
#
#  EXCEPTION_ACCESS_VIOLATION (0xc0000005) at pc=0x00007ff902051323, pid=14912, tid=5460
#
# JRE version:  (11.0.9.1+1) (build )
# Java VM: OpenJDK 64-Bit Server VM (11.0.9.1+1-LTS-sapmachine, mixed mode, sharing, tiered, compressed oops, g1 gc, windows-amd64)
# Problematic frame:
# V  [jvm.dll+0x1d1323]  protected: static void __cdecl ClassLoader::setup_boot_search_path(char const * __ptr64)+0x33
#
# No core dump will be written. Minidumps are not enabled by default on client versions of Windows
#
#

---------------  S U M M A R Y ------------

Command Line: -Dmaven.multiModuleProjectDirectory=C:\gitrepo\SalesOrderPoCMiddleware -Dmaven.home=C:\Program Files\JetBrains\IntelliJ IDEA Community Edition 2020.3\plugins\maven\lib\maven3 -Dclassworlds.conf=C:\Program Files\JetBrains\IntelliJ IDEA Community Edition 2020.3\plugins\maven\lib\maven3\bin\m2.conf -Dmaven.ext.class.path=C:\Program Files\JetBrains\IntelliJ IDEA Community Edition 2020.3\plugins\maven\lib\maven-event-listener.jar -javaagent:C:\Program Files\JetBrains\IntelliJ IDEA Community Edition 2020.3\lib\idea_rt.jar=54550:C:\Program Files\JetBrains\IntelliJ IDEA Community Edition 2020.3\bin -Dfile.encoding=UTF-8 org.codehaus.classworlds.Launcher -Didea.version=2020.3.1 package

Host: Intel(R) Core(TM) i5-8350U CPU @ 1.70GHz, 8 cores, 15G,  Windows 10 , 64 bit Build 18362 (10.0.18362.1350)
Time: Fri Mar  5 10:28:21 2021 China Standard Time elapsed time: 0.676491 seconds (0d 0h 0m 0s)

---------------  T H R E A D  ---------------

Current thread (0x00000140a2c47800):  JavaThread "Unknown thread" [_thread_in_vm, id=5460, stack(0x000000016b500000,0x000000016b600000)]

Stack: [0x000000016b500000,0x000000016b600000],  sp=0x000000016b5fe9f0,  free space=1018k
Native frames: (J=compiled Java code, j=interpreted, Vv=VM code, C=native code)
V  [jvm.dll+0x1d1323]  protected: static void __cdecl ClassLoader::setup_boot_search_path(char const * __ptr64)+0x33
V  [jvm.dll+0x1cf543]  public: static void __cdecl ClassLoader::initialize(void)+0x8d3
V  [jvm.dll+0x35292b]  long __cdecl init_globals(void)+0x3b
V  [jvm.dll+0x6ed760]  public: static long __cdecl Threads::create_vm(struct JavaVMInitArgs * __ptr64,bool * __ptr64)+0x510
V  [jvm.dll+0x3ba40f]  JNI_CreateJavaVM_inner+0x8f
V  [jvm.dll+0x3bc6c1]  JNI_CreateJavaVM+0x11
C  [jli.dll+0x520b]  JavaMain+0x113
C  [ucrtbase.dll+0x210b2]
C  [KERNEL32.DLL+0x17c24]
C  [ntdll.dll+0x6d721]


siginfo: EXCEPTION_ACCESS_VIOLATION (0xc0000005), reading address 0x0000000000000000


Registers:
RAX=0x0000c3c0a531a13f, RBX=0x0000000000000000, RCX=0x0000000000000000, RDX=0x0000000000000000
RSP=0x000000016b5fe9f0, RBP=0x0000000000000000, RSI=0x00000140a2c47800, RDI=0x0000000000000000
R8 =0x0000000000000000, R9 =0x0000000000000000, R10=0x0000000000000000, R11=0x000000016b5fe7b0
R12=0x0000000000000000, R13=0x00007ff90241f190, R14=0x00000140a06f7908, R15=0x000000016b5ff738
RIP=0x00007ff902051323, EFLAGS=0x0000000000010256

Top of Stack: (sp=0x000000016b5fe9f0)
0x000000016b5fe9f0:   00000140a070a8c0 00007ff902142a28
0x000000016b5fea00:   000000016b5ff738 0000000000000400
0x000000016b5fea10:   0000000000000000 00000140a2c47800
0x000000016b5fea20:   00003887cd721263 00007ff90241f190
0x000000016b5fea30:   000000016b5feb10 000000016b5ff738
0x000000016b5fea40:   00000140a06f7908 00007ff90241f190
0x000000016b5fea50:   0000000000000000 00007ff9759c0000
0x000000016b5fea60:   00007ff9026959e0 0000000000000000
0x000000016b5fea70:   00007ff90204f3ea 00007ff9909baeac
0x000000016b5fea80:   000000016b5feb10 0000000000000001
0x000000016b5fea90:   0000c3c0a531a13f 00000140a06f7908
0x000000016b5feaa0:   00007ff900000000 00007ff90241f190
0x000000016b5feab0:   00000140a2c47800 000000016b5febd0
0x000000016b5feac0:   0000000000000000 00007ff90204f543
0x000000016b5fead0:   00007ff97aeb0000 00007ff9759ccfc8
0x000000016b5feae0:   000000016b5febd0 00000140a2c47800 

Instructions: (pc=0x00007ff902051323)
0x00007ff902051223:   f0 ff 15 66 f6 58 00 48 8b cb 41 b1 01 48 2b 8c
0x00007ff902051233:   24 90 00 00 00 45 33 c0 33 d2 c6 04 31 00 48 8b
0x00007ff902051243:   ce e8 87 0b 00 00 42 80 3c 33 3b 4a 8d 3c 33 75
0x00007ff902051253:   1c 0f 1f 40 00 0f 1f 84 00 00 00 00 00 48 ff c3
0x00007ff902051263:   ff c5 42 80 3c 33 3b 4a 8d 3c 33 74 f0 49 83 3c
0x00007ff902051273:   24 00 74 18 48 8b 94 24 98 00 00 00 49 8b cf e8
0x00007ff902051283:   29 c8 ee ff 49 8b cc e8 91 c7 ee ff 48 8b 44 24
0x00007ff902051293:   20 48 8d 4c 24 30 49 89 47 18 48 8b 44 24 28 49
0x00007ff9020512a3:   89 47 20 4d 89 67 10 e8 71 21 0f 00 44 8b ed 48
0x00007ff9020512b3:   89 9c 24 90 00 00 00 48 3b 5c 24 38 0f 8c cd fe
0x00007ff9020512c3:   ff ff 4c 8b 7c 24 40 4c 8b 64 24 48 48 8b 7c 24
0x00007ff9020512d3:   50 48 8b 74 24 58 48 8b 9c 24 80 00 00 00 48 83
0x00007ff9020512e3:   c4 60 41 5e 41 5d 5d c3 cc cc cc cc cc 40 53 55
0x00007ff9020512f3:   56 41 55 48 81 ec b8 00 00 00 48 8b 05 64 7d 80
0x00007ff902051303:   00 48 33 c4 48 89 84 24 a0 00 00 00 48 8b e9 48
0x00007ff902051313:   c7 c3 ff ff ff ff 0f 1f 80 00 00 00 00 48 ff c3
0x00007ff902051323:   80 3c 0b 00 75 f7 33 f6 c6 44 24 30 01 40 38 35
0x00007ff902051333:   39 83 83 00 74 17 40 38 35 80 e9 82 00 75 0e 33
0x00007ff902051343:   d2 48 8d 0d c5 44 64 00 e8 d0 be 19 00 45 33 ed
0x00007ff902051353:   85 db 0f 8e 11 02 00 00 48 89 bc 24 e8 00 00 00
0x00007ff902051363:   48 8b fd 4c 89 a4 24 f0 00 00 00 48 63 c3 33 db
0x00007ff902051373:   4c 89 b4 24 f8 00 00 00 4c 89 bc 24 b0 00 00 00
0x00007ff902051383:   48 89 44 24 68 48 89 74 24 40 0f 1f 00 0f b6 07
0x00007ff902051393:   84 c0 74 12 3c 3b 74 0e 0f b6 44 2b 01 48 ff c3
0x00007ff9020513a3:   ff c6 84 c0 75 ee 48 8d 54 24 38 48 c7 44 24 38
0x00007ff9020513b3:   00 00 00 00 48 8d 4c 24 60 e8 df 1f 0f 00 48 8b
0x00007ff9020513c3:   44 24 38 33 d2 4c 8b b0 70 02 00 00 49 8b 46 18
0x00007ff9020513d3:   4d 8b 66 10 48 89 44 24 50 49 8b 46 20 48 89 44
0x00007ff9020513e3:   24 58 49 8b 46 28 48 89 44 24 48 8b c6 41 2b c5
0x00007ff9020513f3:   48 63 f8 48 8d 4f 01 e8 b1 de 47 00 49 63 d5 4c
0x00007ff902051403:   8b c7 48 03 d5 48 8b c8 4c 8b f8 ff 15 7c f4 58
0x00007ff902051413:   00 48 8b cb 48 2b 4c 24 40 80 7c 24 30 00 42 c6 



---------------  P R O C E S S  ---------------

Threads class SMR info:
_java_thread_list=0x00000140a06f7bf0, length=0, elements={
}

Java Threads: ( => current thread )

Other Threads:

[error occurred during error reporting (printing all threads), id 0xc0000005, EXCEPTION_ACCESS_VIOLATION (0xc0000005) at pc=0x00007ff902572731]

VM state:not at safepoint (not fully initialized)

VM Mutex/Monitor currently owned by a thread: None


[error occurred during error reporting (printing compressed oops mode), id 0xc0000005, EXCEPTION_ACCESS_VIOLATION (0xc0000005) at pc=0x00007ff90258b2e7]

Deoptimization events (0 events):
No events

Classes redefined (0 events):
No events

Internal exceptions (0 events):
No events

Events (1 events):
Event: 0.588 Loaded shared library C:\Program Files\SapMachine\JDK\11\bin\zip.dll


Dynamic libraries:
0x00007ff76e9f0000 - 0x00007ff76e9fd000 	C:\Program Files\SapMachine\JDK\11\bin\java.exe
0x00007ff992d60000 - 0x00007ff992f50000 	C:\WINDOWS\SYSTEM32\ntdll.dll
0x00007ff9923e0000 - 0x00007ff992492000 	C:\WINDOWS\System32\KERNEL32.DLL
0x00007ff9909a0000 - 0x00007ff990c45000 	C:\WINDOWS\System32\KERNELBASE.dll
0x00007ff98fce0000 - 0x00007ff98fdda000 	C:\WINDOWS\System32\ucrtbase.dll
0x00007ff98b120000 - 0x00007ff98b135000 	C:\Program Files\SapMachine\JDK\11\bin\VCRUNTIME140.dll
0x00007ff97c390000 - 0x00007ff97c3a7000 	C:\Program Files\SapMachine\JDK\11\bin\jli.dll
0x00007ff990e80000 - 0x00007ff991014000 	C:\WINDOWS\System32\USER32.dll
0x00007ff97cda0000 - 0x00007ff97d024000 	C:\WINDOWS\WinSxS\amd64_microsoft.windows.common-controls_6595b64144ccf1df_6.0.18362.1377_none_9e802143e45c8d82\COMCTL32.dll
0x00007ff991900000 - 0x00007ff99199e000 	C:\WINDOWS\System32\msvcrt.dll
0x00007ff990600000 - 0x00007ff990621000 	C:\WINDOWS\System32\win32u.dll
0x00007ff991540000 - 0x00007ff991877000 	C:\WINDOWS\System32\combase.dll
0x00007ff991a90000 - 0x00007ff991ab6000 	C:\WINDOWS\System32\GDI32.dll
0x00007ff9913c0000 - 0x00007ff9914df000 	C:\WINDOWS\System32\RPCRT4.dll
0x00007ff990740000 - 0x00007ff9908d8000 	C:\WINDOWS\System32\gdi32full.dll
0x00007ff990910000 - 0x00007ff990991000 	C:\WINDOWS\System32\bcryptPrimitives.dll
0x00007ff990560000 - 0x00007ff9905fe000 	C:\WINDOWS\System32\msvcp_win.dll
0x00007ff9927c0000 - 0x00007ff9927ee000 	C:\WINDOWS\System32\IMM32.DLL
0x00007ff960610000 - 0x00007ff9606b4000 	C:\Program Files\McAfee\Endpoint Security\Threat Prevention\Ips\EpMPApi.dll
0x00007ff992c70000 - 0x00007ff992d13000 	C:\WINDOWS\System32\ADVAPI32.dll
0x00007ff991ac0000 - 0x00007ff991b57000 	C:\WINDOWS\System32\sechost.dll
0x00007ff9906e0000 - 0x00007ff99073c000 	C:\WINDOWS\System32\WINTRUST.dll
0x00007ff98fcc0000 - 0x00007ff98fcd2000 	C:\WINDOWS\System32\MSASN1.dll
0x00007ff990c70000 - 0x00007ff990dba000 	C:\WINDOWS\System32\CRYPT32.dll
0x0000000052330000 - 0x000000005233c000 	C:\Program Files\McAfee\Endpoint Security\Threat Prevention\Ips\EpMPThe.dll
0x00007ff961db0000 - 0x00007ff961e08000 	C:\Program Files\McAfee\Endpoint Security\Threat Prevention\Ips\HIPHandlers64.dll
0x00007ff990e10000 - 0x00007ff990e62000 	C:\WINDOWS\System32\SHLWAPI.dll
0x00007ff98d2a0000 - 0x00007ff98d494000 	C:\WINDOWS\SYSTEM32\dbghelp.dll
0x00007ff96f9b0000 - 0x00007ff96fa4b000 	C:\Program Files\SapMachine\JDK\11\bin\msvcp140.dll
0x00007ff901e80000 - 0x00007ff902957000 	C:\Program Files\SapMachine\JDK\11\bin\server\jvm.dll
0x00007ff9923d0000 - 0x00007ff9923d8000 	C:\WINDOWS\System32\PSAPI.DLL
0x00007ff9857d0000 - 0x00007ff9857d9000 	C:\WINDOWS\SYSTEM32\WSOCK32.dll
0x00007ff9877b0000 - 0x00007ff9877d4000 	C:\WINDOWS\SYSTEM32\WINMM.dll
0x00007ff985350000 - 0x00007ff98535a000 	C:\WINDOWS\SYSTEM32\VERSION.dll
0x00007ff991a00000 - 0x00007ff991a6f000 	C:\WINDOWS\System32\WS2_32.dll
0x00007ff987780000 - 0x00007ff9877ad000 	C:\WINDOWS\SYSTEM32\WINMMBASE.dll
0x00007ff990dc0000 - 0x00007ff990e0a000 	C:\WINDOWS\System32\cfgmgr32.dll
0x00007ff98fc20000 - 0x00007ff98fc31000 	C:\WINDOWS\System32\kernel.appcore.dll
0x00007ff98b0b0000 - 0x00007ff98b0c0000 	C:\Program Files\SapMachine\JDK\11\bin\verify.dll
0x00007ff979ed0000 - 0x00007ff979efa000 	C:\WINDOWS\SYSTEM32\dbgcore.DLL
0x00007ff9759c0000 - 0x00007ff9759e8000 	C:\Program Files\SapMachine\JDK\11\bin\java.dll
0x00007ff9895e0000 - 0x00007ff9895ea000 	C:\Program Files\SapMachine\JDK\11\bin\jimage.dll
0x00007ff988820000 - 0x00007ff98882e000 	C:\Program Files\SapMachine\JDK\11\bin\instrument.dll
0x00007ff97aeb0000 - 0x00007ff97aec7000 	C:\Program Files\SapMachine\JDK\11\bin\zip.dll

dbghelp: loaded successfully - version: 4.0.5 - missing functions: none
symbol engine: initialized successfully - sym options: 0x614 - pdb path: .;C:\Program Files\SapMachine\JDK\11\bin;C:\WINDOWS\SYSTEM32;C:\WINDOWS\WinSxS\amd64_microsoft.windows.common-controls_6595b64144ccf1df_6.0.18362.1377_none_9e802143e45c8d82;C:\Program Files\McAfee\Endpoint Security\Threat Prevention\Ips;C:\Program Files\SapMachine\JDK\11\bin\server

VM Arguments:
jvm_args: -Dmaven.multiModuleProjectDirectory=C:\gitrepo\SalesOrderPoCMiddleware -Dmaven.home=C:\Program Files\JetBrains\IntelliJ IDEA Community Edition 2020.3\plugins\maven\lib\maven3 -Dclassworlds.conf=C:\Program Files\JetBrains\IntelliJ IDEA Community Edition 2020.3\plugins\maven\lib\maven3\bin\m2.conf -Dmaven.ext.class.path=C:\Program Files\JetBrains\IntelliJ IDEA Community Edition 2020.3\plugins\maven\lib\maven-event-listener.jar -javaagent:C:\Program Files\JetBrains\IntelliJ IDEA Community Edition 2020.3\lib\idea_rt.jar=54550:C:\Program Files\JetBrains\IntelliJ IDEA Community Edition 2020.3\bin -Dfile.encoding=UTF-8 
java_command: org.codehaus.classworlds.Launcher -Didea.version=2020.3.1 package
java_class_path (initial): C:\Program Files\JetBrains\IntelliJ IDEA Community Edition 2020.3\plugins\maven\lib\maven3\boot\plexus-classworlds-2.6.0.jar;C:\Program Files\JetBrains\IntelliJ IDEA Community Edition 2020.3\plugins\maven\lib\maven3\boot\plexus-classworlds.license
Launcher Type: SUN_STANDARD

[Global flags]
     uint G1ConcRefinementThreads                  = 8                                         {product} {ergonomic}
    uintx GCDrainStackTargetSize                   = 64                                        {product} {ergonomic}
   size_t InitialHeapSize                          = 265264704                                 {product} {ergonomic}
   size_t MaxHeapSize                              = 4244235264                                {product} {ergonomic}
    uintx ReservedCodeCacheSize                    = 251658240                              {pd product} {ergonomic}
     bool SegmentedCodeCache                       = true                                      {product} {ergonomic}
     bool UseCompressedClassPointers               = true                                 {lp64_product} {ergonomic}
     bool UseCompressedOops                        = true                                 {lp64_product} {ergonomic}
     bool UseG1GC                                  = true                                      {product} {ergonomic}
     bool UseLargePagesIndividualAllocation        = false                                  {pd product} {ergonomic}

Logging:
Log output configuration:
 #0: stdout all=warning uptime,level,tags
 #1: stderr all=off uptime,level,tags

Environment Variables:
JAVA_HOME=C:\Program Files\Java\jdk1.8.0_211
JRE_HOME=C:\Program Files (x86)\SAP\Intelligent RPA\jre\
PATH=C:\Program Files\Common Files\Oracle\Java\javapath;C:\Program Files\SapMachine\JDK\11\bin;C:\Program Files (x86)\Razer Chroma SDK\bin;C:\Program Files\Razer Chroma SDK\bin;C:\Program Files\Java\jdk1.8.0_211\bin;C:\Program Files (x86)\Common Files\Oracle\Java\javapath;C:\Tools\apache-maven-3.6.0\bin;C:\ProgramData\Oracle\Java\javapath;C:\Gradle\gradle-6.6.1\bin;C:\WINDOWS\system32;C:\WINDOWS;C:\WINDOWS\System32\Wbem;C:\WINDOWS\System32\WindowsPowerShell\v1.0\;C:\WINDOWS\System32\OpenSSH\;C:\Program Files\Cloud Foundry;C:\Users\I507402\AppData\Local\Programs\Python\Python37\Scripts\;C:\Users\I507402\AppData\Local\Programs\Python\Python37\;C:\Users\I507402\AppData\Local\Microsoft\WindowsApps;C:\Users\I507402\AppData\Roaming\npm;C:\Users\I507402\AppData\Local\GitHubDesktop\bin;C:\Program Files\Bandizip\;C:\Users\I507402\AppData\Local\Programs\Microsoft VS Code\bin;C:\ProgramData\chocolatey\bin;C:\Program Files (x86)\GitExtensions\;C:\WINDOWS\system32;C:\WINDOWS;C:\WINDOWS\System32\Wbem;C:\WINDOWS\System32\WindowsPowerShell\v1.0\;C:\WINDOWS\System32\OpenSSH\;C:\Tools\Redis-x64-3.2.100\;C:\Program Files\Perforce\;C:\Program Files (x86)\Yarn\bin\;C:\Program Files (x86)\SAP\Intelligent RPA\jre\bin\;C:\Program Files (x86)\SAP\Intelligent RPA\node\;C:\Program Files\PuTTY\;C:\Program Files (x86)\Intel\Intel(R) Management Engine Components\DAL;C:\Program Files\Intel\Intel(R) Management Engine Components\DAL;C:\Program Files\nodejs\;C:\Program Files\Docker\Docker\resources\bin;C:\ProgramData\DockerDesktop\version-bin;C:\Program Files\Git\cmd;C:\Program Files\MySQL\MySQL Shell 8.0\bin\;C:\Users\I507402\AppData\Local\Programs\Microsoft VS Code\bin;C:\Users\I507402\AppData\Local\Yarn\bin;C:\Users\I507402\AppData\Local\Microsoft\WindowsApps;;C:\Program Files\JetBrains\IntelliJ IDEA Community Edition 2020.3\bin;
USERNAME=I507402
OS=Windows_NT
PROCESSOR_IDENTIFIER=Intel64 Family 6 Model 142 Stepping 10, GenuineIntel


Vitals: (unavailable)

---------------  S Y S T E M  ---------------

OS: Windows 10 , 64 bit Build 18362 (10.0.18362.1350)
OS uptime: 0 days 1:24 hours

CPU:total 8 (initial active 8) 

Memory: 4k page, system-wide physical 16190M (6369M free)
TotalPageFile size 33598M (AvailPageFile size 19809M)
current process WorkingSet (physical memory assigned to process): 18M, peak: 19M
current process commit charge ("private bytes"): 11M, peak: 11M

vm_info: OpenJDK 64-Bit Server VM (11.0.9.1+1-LTS-sapmachine) for windows-amd64 JRE (11.0.9.1+1-LTS-sapmachine), built on Nov  5 2020 11:37:14 by "jenkins" with MS VC++ 15.9 (VS2017)

END.
